<?xml version="1.0" encoding="UTF-8"?>
<!-- Generated by org.testng.reporters.JUnitReportReporter -->
<testsuite hostname="LAPTOP-2HGEEQ1S" failures="0" tests="2" name="fullFramework.Homepage" time="69.753" errors="0" timestamp="2022-04-28T16:14:13 IST" skipped="0">
  <testcase classname="fullFramework.Homepage" name="home" time="44.488"/>
  <system-out/>
  <testcase classname="fullFramework.Homepage" name="home" time="25.265"/>
  <system-out/>
</testsuite> <!-- fullFramework.Homepage -->
