<?xml version="1.0" encoding="UTF-8"?>
<!-- Generated by org.testng.reporters.JUnitReportReporter -->
<testsuite hostname="LAPTOP-2HGEEQ1S" failures="0" tests="2" name="fullFramework.Homepage" time="85.659" errors="0" timestamp="2022-04-28T15:54:30 IST" skipped="0">
  <testcase classname="fullFramework.Homepage" name="home" time="23.736"/>
  <system-out/>
  <testcase classname="fullFramework.Homepage" name="home" time="61.923"/>
  <system-out/>
</testsuite> <!-- fullFramework.Homepage -->
